<?xml version="1.0" encoding="UTF-8"?>
<!-- Generated by org.testng.reporters.JUnitReportReporter -->
<testsuite hostname="FULL308-WIN" name="com.setmore.testcases.CalendarAppointmentTestCase" tests="1" failures="0" timestamp="20 Aug 2019 12:42:06 GMT" time="63.050" errors="0">
  <testcase name="calendar_create_appointments" time="63.050" classname="com.setmore.testcases.CalendarAppointmentTestCase"/>
</testsuite> <!-- com.setmore.testcases.CalendarAppointmentTestCase -->
