<?xml version="1.0" encoding="UTF-8"?>
<!-- Generated by org.testng.reporters.JUnitReportReporter -->
<testsuite hostname="FULL308-WIN" name="com.setmore.testcases.CreateCustomerTestCase" tests="1" failures="0" timestamp="21 Aug 2019 04:40:41 GMT" time="41.254" errors="0">
  <testcase name="create_customer_delete" time="41.254" classname="com.setmore.testcases.CreateCustomerTestCase"/>
</testsuite> <!-- com.setmore.testcases.CreateCustomerTestCase -->
