<?xml version="1.0" encoding="UTF-8"?>
<!-- Generated by org.testng.reporters.JUnitReportReporter -->
<testsuite hostname="FULL308-WIN" name="com.setmore.testcases.BookingPageTestCase" tests="1" failures="0" timestamp="23 Aug 2019 12:41:41 GMT" time="30.008" errors="0">
  <testcase name="bookingTest" time="30.008" classname="com.setmore.testcases.BookingPageTestCase"/>
</testsuite> <!-- com.setmore.testcases.BookingPageTestCase -->
