<?xml version="1.0" encoding="UTF-8"?>
<!-- Generated by org.testng.reporters.JUnitReportReporter -->
<testsuite hostname="FULL308-WIN" name="com.setmore.testcases.UploadinPicTestCase" tests="1" failures="0" timestamp="22 Aug 2019 06:03:03 GMT" time="79.030" errors="0">
  <testcase name="bookingTest" time="79.030" classname="com.setmore.testcases.UploadinPicTestCase"/>
</testsuite> <!-- com.setmore.testcases.UploadinPicTestCase -->
