<?xml version="1.0" encoding="UTF-8"?>
<!-- Generated by org.testng.reporters.JUnitReportReporter -->
<testsuite hostname="FULL308-WIN" name="com.setmore.testcases.BusinesshoursTestCase" tests="1" failures="0" timestamp="21 Aug 2019 12:34:15 GMT" time="33.594" errors="0">
  <testcase name="businesshoursTimezone" time="33.594" classname="com.setmore.testcases.BusinesshoursTestCase"/>
</testsuite> <!-- com.setmore.testcases.BusinesshoursTestCase -->
