<?xml version="1.0" encoding="UTF-8"?>
<!-- Generated by org.testng.reporters.JUnitReportReporter -->
<testsuite hostname="FULL308-WIN" name="com.setmore.testcases.DeleteMultipleCustomersTestCase" tests="1" failures="0" timestamp="21 Aug 2019 04:47:38 GMT" time="32.101" errors="0">
  <testcase name="deletemulCustomers" time="32.101" classname="com.setmore.testcases.DeleteMultipleCustomersTestCase"/>
</testsuite> <!-- com.setmore.testcases.DeleteMultipleCustomersTestCase -->
